TN:
SF:packages/di/src/after-construct.ts
FN:6,AfterConstruct
FNF:1
FNH:1
FNDA:1,AfterConstruct
DA:1,1
DA:6,1
DA:7,1
LF:3
LH:3
BRF:0
BRH:0
end_of_record
TN:
SF:packages/di/src/async-interceptor.ts
FN:6,AsyncInterceptor
FNF:1
FNH:1
FNDA:1,AsyncInterceptor
DA:1,1
DA:6,1
DA:7,1
LF:3
LH:3
BRF:0
BRH:0
end_of_record
TN:
SF:packages/di/src/create-provider.ts
FN:9,CreateProvider
FNF:1
FNH:1
FNDA:1,CreateProvider
DA:1,1
DA:3,1
DA:9,1
DA:10,1
LF:4
LH:4
BRF:0
BRH:0
end_of_record
TN:
SF:packages/di/src/inject.ts
FN:9,Inject
FNF:1
FNH:1
FNDA:51,Inject
DA:1,2
DA:9,2
DA:10,51
LF:3
LH:3
BRDA:9,0,0,51
BRF:1
BRH:1
end_of_record
TN:
SF:packages/di/src/injectable.ts
FN:6,Injectable
FNF:1
FNH:1
FNDA:105,Injectable
DA:1,4
DA:6,4
DA:7,105
LF:3
LH:3
BRF:0
BRH:0
end_of_record
TN:
SF:packages/di/src/injector.ts
FN:23,getProviders
FN:25,(anonymous_1)
FN:26,(anonymous_2)
FN:27,(anonymous_3)
FN:49,(anonymous_4)
FN:62,(anonymous_5)
FN:71,(anonymous_6)
FN:81,(anonymous_7)
FN:100,(anonymous_8)
FN:116,(anonymous_9)
FN:131,(anonymous_10)
FN:145,(anonymous_11)
FN:166,(anonymous_12)
FN:170,(anonymous_13)
FN:180,(anonymous_14)
FN:192,(anonymous_15)
FN:216,(anonymous_16)
FN:224,(anonymous_17)
FN:231,(anonymous_18)
FN:242,(anonymous_19)
FN:249,(anonymous_20)
FN:260,(anonymous_21)
FN:268,(anonymous_22)
FN:278,(anonymous_23)
FN:286,(anonymous_24)
FN:303,(anonymous_25)
FN:316,(anonymous_26)
FN:327,(anonymous_27)
FN:338,(anonymous_28)
FN:350,(anonymous_29)
FN:355,(anonymous_30)
FN:372,(anonymous_31)
FNF:32
FNH:31
FNDA:66,getProviders
FNDA:175,(anonymous_1)
FNDA:189,(anonymous_2)
FNDA:3,(anonymous_3)
FNDA:28,(anonymous_4)
FNDA:175,(anonymous_5)
FNDA:189,(anonymous_6)
FNDA:132,(anonymous_7)
FNDA:210,(anonymous_8)
FNDA:6,(anonymous_9)
FNDA:21,(anonymous_10)
FNDA:88,(anonymous_11)
FNDA:4,(anonymous_12)
FNDA:0,(anonymous_13)
FNDA:327,(anonymous_14)
FNDA:226,(anonymous_15)
FNDA:102,(anonymous_16)
FNDA:5,(anonymous_17)
FNDA:5,(anonymous_18)
FNDA:13,(anonymous_19)
FNDA:6,(anonymous_20)
FNDA:10,(anonymous_21)
FNDA:7,(anonymous_22)
FNDA:1,(anonymous_23)
FNDA:28,(anonymous_24)
FNDA:6,(anonymous_25)
FNDA:2,(anonymous_26)
FNDA:1,(anonymous_27)
FNDA:73,(anonymous_28)
FNDA:4,(anonymous_29)
FNDA:202,(anonymous_30)
FNDA:196,(anonymous_31)
DA:1,1
DA:2,1
DA:16,1
DA:17,1
DA:18,1
DA:19,1
DA:20,1
DA:24,66
DA:25,175
DA:26,189
DA:27,3
DA:29,66
DA:35,1
DA:37,1
DA:38,1
DA:39,1
DA:42,28
DA:49,28
DA:50,28
DA:51,28
DA:53,28
DA:54,28
DA:63,175
DA:72,189
DA:82,132
DA:83,3
DA:85,129
DA:86,129
DA:87,129
DA:88,66
DA:89,66
DA:90,66
DA:91,66
DA:93,63
DA:101,210
DA:102,144
DA:104,66
DA:105,66
DA:106,66
DA:117,6
DA:118,6
DA:119,6
DA:120,6
DA:121,6
DA:122,6
DA:132,21
DA:133,21
DA:134,21
DA:135,21
DA:136,19
DA:147,88
DA:148,34
DA:151,88
DA:152,12
DA:153,76
DA:154,1
DA:155,1
DA:157,75
DA:158,2
DA:160,73
DA:167,4
DA:168,4
DA:169,4
DA:170,2
DA:171,2
DA:181,327
DA:193,226
DA:194,214
DA:195,12
DA:196,9
DA:198,3
DA:199,2
DA:205,1
DA:217,102
DA:225,5
DA:232,5
DA:233,2
DA:235,5
DA:243,13
DA:244,13
DA:245,7
DA:247,13
DA:248,10
DA:249,6
DA:252,13
DA:261,10
DA:269,7
DA:270,1
DA:272,6
DA:279,1
DA:287,28
DA:288,27
DA:290,1
DA:304,6
DA:305,6
DA:306,6
DA:308,6
DA:318,2
DA:319,1
DA:320,1
DA:323,2
DA:327,1
DA:330,2
DA:340,73
DA:341,1
DA:342,1
DA:346,73
DA:348,73
DA:350,4
DA:353,73
DA:354,73
DA:355,202
DA:356,73
DA:357,33
DA:358,33
DA:359,33
DA:360,33
DA:361,31
DA:367,71
DA:369,71
DA:372,196
DA:373,71
DA:374,2
DA:376,71
LF:124
LH:124
BRDA:25,0,0,1
BRDA:25,0,1,65
BRDA:25,1,0,66
BRDA:25,1,1,66
BRDA:25,2,0,65
BRDA:25,2,1,1
BRDA:25,3,0,66
BRDA:25,3,1,66
BRDA:27,4,0,3
BRDA:27,4,1,0
BRDA:49,5,0,28
BRDA:50,6,0,28
BRDA:50,6,1,0
BRDA:50,7,0,28
BRDA:50,7,1,28
BRDA:62,8,0,0
BRDA:63,9,0,175
BRDA:63,9,1,11
BRDA:71,10,0,0
BRDA:72,11,0,189
BRDA:72,11,1,4
BRDA:81,12,0,132
BRDA:82,13,0,3
BRDA:82,13,1,129
BRDA:86,14,0,63
BRDA:86,14,1,66
BRDA:87,15,0,66
BRDA:87,15,1,63
BRDA:101,16,0,144
BRDA:101,16,1,66
BRDA:151,17,0,12
BRDA:151,17,1,76
BRDA:152,18,0,12
BRDA:152,18,1,12
BRDA:152,18,2,0
BRDA:153,19,0,1
BRDA:153,19,1,75
BRDA:157,20,0,2
BRDA:157,20,1,73
BRDA:169,21,0,2
BRDA:169,21,1,2
BRDA:193,22,0,214
BRDA:193,22,1,12
BRDA:195,23,0,9
BRDA:195,23,1,3
BRDA:198,24,0,2
BRDA:198,24,1,1
BRDA:198,25,0,3
BRDA:198,25,1,2
BRDA:200,26,0,2
BRDA:200,26,1,0
BRDA:200,27,0,2
BRDA:200,27,1,2
BRDA:206,28,0,1
BRDA:206,28,1,0
BRDA:206,29,0,1
BRDA:206,29,1,1
BRDA:232,30,0,2
BRDA:232,30,1,3
BRDA:244,31,0,7
BRDA:244,31,1,6
BRDA:247,32,0,10
BRDA:247,32,1,3
BRDA:269,33,0,1
BRDA:269,33,1,6
BRDA:269,34,0,7
BRDA:269,34,1,7
BRDA:287,35,0,27
BRDA:287,35,1,1
BRDA:304,36,0,6
BRDA:304,36,1,0
BRDA:318,37,0,1
BRDA:318,37,1,1
BRDA:327,38,0,1
BRDA:327,38,1,1
BRDA:340,39,0,1
BRDA:340,39,1,72
BRDA:350,40,0,73
BRDA:350,40,1,0
BRDA:350,41,0,1
BRDA:350,41,1,3
BRDA:355,42,0,202
BRDA:355,42,1,33
BRDA:357,43,0,17
BRDA:357,43,1,16
BRDA:360,44,0,31
BRDA:360,44,1,2
BRDA:372,45,0,1
BRDA:372,45,1,70
BRDA:372,46,0,71
BRDA:372,46,1,71
BRDA:372,47,0,70
BRDA:372,47,1,1
BRDA:372,48,0,71
BRDA:372,48,1,71
BRDA:373,49,0,2
BRDA:373,49,1,69
BRF:97
BRH:88
end_of_record
TN:
SF:packages/di/src/method-interceptor.ts
FN:43,createMethodInterceptor
FN:53,createInterceptorHandlers
FN:55,(anonymous_2)
FN:90,createInterceptors
FN:94,(anonymous_4)
FN:95,(anonymous_5)
FN:132,(anonymous_6)
FN:143,(anonymous_7)
FN:147,(anonymous_8)
FN:153,(anonymous_9)
FN:164,(anonymous_10)
FN:176,(anonymous_11)
FN:187,(anonymous_12)
FN:198,(anonymous_13)
FN:218,(anonymous_14)
FN:227,(anonymous_15)
FN:231,(anonymous_16)
FNF:17
FNH:17
FNDA:23,createMethodInterceptor
FNDA:71,createInterceptorHandlers
FNDA:196,(anonymous_2)
FNDA:71,createInterceptors
FNDA:13,(anonymous_4)
FNDA:13,(anonymous_5)
FNDA:13,(anonymous_6)
FNDA:36,(anonymous_7)
FNDA:36,(anonymous_8)
FNDA:13,(anonymous_9)
FNDA:10,(anonymous_10)
FNDA:45,(anonymous_11)
FNDA:5,(anonymous_12)
FNDA:8,(anonymous_13)
FNDA:36,(anonymous_14)
FNDA:32,(anonymous_15)
FNDA:10,(anonymous_16)
DA:9,1
DA:10,1
DA:11,1
DA:12,1
DA:13,1
DA:43,1
DA:44,23
DA:45,23
DA:53,1
DA:54,71
DA:55,71
DA:56,196
DA:58,71
DA:59,71
DA:60,71
DA:61,23
DA:62,23
DA:63,23
DA:64,23
DA:65,23
DA:66,23
DA:70,23
DA:71,14
DA:72,14
DA:73,14
DA:75,9
DA:82,71
DA:90,1
DA:91,71
DA:92,71
DA:93,71
DA:94,9
DA:95,13
DA:96,13
DA:97,36
DA:102,36
DA:104,13
DA:106,9
DA:111,71
DA:115,1
DA:130,13
DA:132,13
DA:133,13
DA:134,12
DA:144,36
DA:145,19
DA:147,36
DA:154,13
DA:155,8
DA:157,5
DA:165,10
DA:166,8
DA:168,2
DA:170,10
DA:177,45
DA:178,13
DA:180,45
DA:188,5
DA:189,12
DA:191,5
DA:199,8
DA:200,24
DA:202,8
DA:221,36
DA:223,36
DA:224,36
DA:228,32
DA:232,10
LF:68
LH:68
BRDA:56,0,0,196
BRDA:56,0,1,23
BRDA:56,0,2,23
BRDA:56,1,0,0
BRDA:56,1,1,23
BRDA:56,2,0,23
BRDA:56,2,1,23
BRDA:70,3,0,14
BRDA:70,3,1,9
BRDA:133,4,0,12
BRDA:133,4,1,1
BRDA:144,5,0,19
BRDA:144,5,1,17
BRDA:154,6,0,8
BRDA:154,6,1,5
BRDA:165,7,0,8
BRDA:165,7,1,2
BRDA:177,8,0,13
BRDA:177,8,1,32
BRF:19
BRH:18
end_of_record
TN:
SF:packages/di/src/provider.ts
FN:18,getProviderName
FN:34,shiftRight
FN:35,(anonymous_2)
FN:35,(anonymous_3)
FN:44,shiftLeft
FN:45,(anonymous_5)
FN:46,(anonymous_6)
FN:57,verifyProvider
FN:72,verifyProviders
FN:73,(anonymous_9)
FN:80,isFactoryProvider
FN:88,isValueProvider
FN:96,isClassProvider
FN:111,(anonymous_13)
FN:119,(anonymous_14)
FN:128,(anonymous_15)
FN:143,(anonymous_16)
FN:150,(anonymous_17)
FN:159,(anonymous_18)
FNF:19
FNH:19
FNDA:71,getProviderName
FNDA:1,shiftRight
FNDA:2,(anonymous_2)
FNDA:2,(anonymous_3)
FNDA:1,shiftLeft
FNDA:2,(anonymous_5)
FNDA:2,(anonymous_6)
FNDA:104,verifyProvider
FNDA:99,verifyProviders
FNDA:45,(anonymous_9)
FNDA:106,isFactoryProvider
FNDA:77,isValueProvider
FNDA:163,isClassProvider
FNDA:29,(anonymous_13)
FNDA:3,(anonymous_14)
FNDA:106,(anonymous_15)
FNDA:217,(anonymous_16)
FNDA:4,(anonymous_17)
FNDA:436,(anonymous_18)
DA:1,2
DA:18,2
DA:19,71
DA:20,31
DA:21,40
DA:22,35
DA:24,5
DA:34,2
DA:35,2
DA:44,2
DA:45,1
DA:46,2
DA:57,2
DA:58,104
DA:59,96
DA:64,8
DA:72,2
DA:73,99
DA:80,2
DA:81,106
DA:88,2
DA:89,77
DA:96,2
DA:97,163
DA:108,2
DA:109,29
DA:111,29
DA:120,3
DA:129,106
DA:130,105
DA:132,1
DA:144,217
DA:151,4
DA:160,436
LF:34
LH:34
BRDA:19,0,0,31
BRDA:19,0,1,40
BRDA:19,1,0,71
BRDA:19,1,1,31
BRDA:19,1,2,31
BRDA:19,1,3,1
BRDA:21,2,0,35
BRDA:21,2,1,5
BRDA:22,3,0,34
BRDA:22,3,1,1
BRDA:24,4,0,4
BRDA:24,4,1,1
BRDA:58,5,0,96
BRDA:58,5,1,8
BRDA:73,6,0,98
BRDA:73,6,1,1
BRDA:111,7,0,0
BRDA:129,8,0,105
BRDA:129,8,1,1
BRDA:129,9,0,106
BRDA:129,9,1,2
BRF:21
BRH:20
end_of_record
TN:
SF:packages/logger/src/logger.ts
FN:28,(anonymous_2)
FN:39,(anonymous_3)
FN:51,(anonymous_4)
FN:59,(anonymous_5)
FN:67,(anonymous_6)
FN:75,(anonymous_7)
FN:83,(anonymous_8)
FN:91,(anonymous_9)
FN:99,(anonymous_10)
FNF:9
FNH:9
FNDA:4,(anonymous_2)
FNDA:1,(anonymous_3)
FNDA:1,(anonymous_4)
FNDA:3,(anonymous_5)
FNDA:1,(anonymous_6)
FNDA:1,(anonymous_7)
FNDA:1,(anonymous_8)
FNDA:1,(anonymous_9)
FNDA:1,(anonymous_10)
DA:1,1
DA:2,1
DA:19,1
DA:28,4
DA:29,4
DA:30,1
DA:32,3
DA:40,1
DA:52,1
DA:53,1
DA:60,3
DA:61,3
DA:68,1
DA:69,1
DA:76,1
DA:77,1
DA:84,1
DA:85,1
DA:92,1
DA:93,1
DA:100,1
DA:101,1
LF:22
LH:22
BRDA:29,0,0,1
BRDA:29,0,1,3
BRDA:29,1,0,4
BRDA:29,1,1,4
BRDA:29,1,2,1
BRDA:32,2,0,2
BRDA:32,2,1,1
BRDA:32,3,0,3
BRDA:32,3,1,3
BRF:9
BRH:9
end_of_record
TN:
SF:packages/metadata/src/metadata.ts
FN:52,defineMetadata
FN:66,hasMetadata
FN:81,hasOwnMetadata
FN:96,getMetadata
FN:107,getOwnMetadata
FN:117,getMetadataKeys
FN:127,getOwnMetadataKeys
FN:138,deleteMetadata
FN:153,isDecorator
FN:161,getDecoratorId
FN:172,getDecoratorUUID
FN:184,getDecoratorType
FN:195,getDecoratorName
FN:207,validateDecorator
FN:235,hasDecorator
FN:247,getClassMetadata
FN:260,getPropertyMetadata
FN:274,getMethodMetadata
FN:288,getParameterMetadata
FN:297,mapKeyToMetadata
FN:313,mergeKeys
FN:314,(anonymous_21)
FN:315,(anonymous_22)
FN:333,getMetadataKeysForTarget
FN:336,(anonymous_24)
FN:350,getMetadataForTarget
FN:355,(anonymous_26)
FN:362,getAllKeysForTarget
FN:368,(anonymous_28)
FN:369,(anonymous_29)
FN:382,getAllMetadataKeysForTarget
FN:384,(anonymous_31)
FN:395,getAllMetadataForTarget
FN:396,(anonymous_33)
FN:406,getType
FN:420,decorate
FN:433,(anonymous_36)
FN:474,createClassDecorator
FN:483,createPropertyDecorator
FN:492,createParameterDecorator
FN:506,createParameterAndPropertyDecorator
FN:515,createMethodDecorator
FNF:42
FNH:42
FNDA:50,defineMetadata
FNDA:149,hasMetadata
FNDA:2,hasOwnMetadata
FNDA:101,getMetadata
FNDA:1,getOwnMetadata
FNDA:66,getMetadataKeys
FNDA:1,getOwnMetadataKeys
FNDA:3,deleteMetadata
FNDA:3,isDecorator
FNDA:108,getDecoratorId
FNDA:2,getDecoratorUUID
FNDA:17,getDecoratorType
FNDA:15,getDecoratorName
FNDA:16,validateDecorator
FNDA:3,hasDecorator
FNDA:3,getClassMetadata
FNDA:2,getPropertyMetadata
FNDA:3,getMethodMetadata
FNDA:2,getParameterMetadata
FNDA:23,mapKeyToMetadata
FNDA:8,mergeKeys
FNDA:29,(anonymous_21)
FNDA:159,(anonymous_22)
FNDA:66,getMetadataKeysForTarget
FNDA:71,(anonymous_24)
FNDA:2,getMetadataForTarget
FNDA:10,(anonymous_26)
FNDA:8,getAllKeysForTarget
FNDA:56,(anonymous_28)
FNDA:56,(anonymous_29)
FNDA:8,getAllMetadataKeysForTarget
FNDA:60,(anonymous_31)
FNDA:1,getAllMetadataForTarget
FNDA:13,(anonymous_33)
FNDA:50,getType
FNDA:51,decorate
FNDA:50,(anonymous_36)
FNDA:17,createClassDecorator
FNDA:2,createPropertyDecorator
FNDA:1,createParameterDecorator
FNDA:25,createParameterAndPropertyDecorator
FNDA:6,createMethodDecorator
DA:1,1
DA:14,1
DA:16,1
DA:17,1
DA:18,1
DA:19,1
DA:20,1
DA:21,1
DA:22,1
DA:23,1
DA:52,1
DA:53,50
DA:54,1
DA:56,49
DA:66,1
DA:67,149
DA:68,149
DA:70,1
DA:81,1
DA:82,2
DA:83,2
DA:85,1
DA:96,1
DA:97,101
DA:107,1
DA:108,1
DA:117,1
DA:118,66
DA:127,1
DA:128,1
DA:138,1
DA:139,3
DA:140,1
DA:142,2
DA:143,2
DA:145,1
DA:153,1
DA:154,3
DA:161,1
DA:162,108
DA:163,1
DA:165,107
DA:172,1
DA:173,2
DA:174,1
DA:176,1
DA:184,1
DA:185,17
DA:186,1
DA:188,16
DA:195,1
DA:196,15
DA:197,2
DA:199,13
DA:207,1
DA:208,16
DA:209,16
DA:210,9
DA:212,1
DA:214,1
DA:216,3
DA:218,1
DA:235,1
DA:236,3
DA:247,1
DA:248,3
DA:249,3
DA:260,1
DA:261,2
DA:262,2
DA:274,1
DA:275,3
DA:276,3
DA:288,1
DA:289,2
DA:290,2
DA:298,23
DA:299,23
DA:300,13
DA:302,10
DA:314,8
DA:315,159
DA:333,1
DA:334,66
DA:335,66
DA:337,71
DA:350,1
DA:351,2
DA:352,2
DA:353,2
DA:355,10
DA:362,1
DA:363,8
DA:364,8
DA:365,8
DA:368,56
DA:370,56
DA:382,1
DA:383,8
DA:384,60
DA:385,8
DA:386,6
DA:388,8
DA:395,1
DA:396,13
DA:407,50
DA:408,50
DA:409,2
DA:411,48
DA:421,51
DA:422,0
DA:427,51
DA:428,20
DA:429,20
DA:430,20
DA:431,20
DA:433,51
DA:434,50
DA:442,48
DA:443,18
DA:446,48
DA:448,48
DA:449,23
DA:452,48
DA:453,29
DA:456,48
DA:457,16
DA:460,48
DA:462,48
DA:464,48
DA:474,1
DA:475,17
DA:483,1
DA:484,2
DA:492,1
DA:493,1
DA:506,1
DA:507,25
DA:515,1
DA:516,6
LF:140
LH:139
BRDA:53,0,0,1
BRDA:53,0,1,49
BRDA:139,1,0,1
BRDA:139,1,1,2
BRDA:162,2,0,1
BRDA:162,2,1,107
BRDA:165,3,0,38
BRDA:165,3,1,69
BRDA:173,4,0,1
BRDA:173,4,1,1
BRDA:185,5,0,1
BRDA:185,5,1,16
BRDA:196,6,0,2
BRDA:196,6,1,13
BRDA:209,7,0,9
BRDA:209,7,1,7
BRDA:211,8,0,1
BRDA:211,8,1,1
BRDA:211,8,2,3
BRDA:211,8,3,1
BRDA:236,9,0,3
BRDA:236,9,1,0
BRDA:274,10,0,2
BRDA:276,11,0,1
BRDA:276,11,1,2
BRDA:299,12,0,13
BRDA:299,12,1,10
BRDA:304,13,0,8
BRDA:304,13,1,2
BRDA:315,14,0,159
BRDA:315,14,1,37
BRDA:334,15,0,3
BRDA:334,15,1,63
BRDA:334,16,0,66
BRDA:334,16,1,10
BRDA:352,17,0,2
BRDA:352,17,1,0
BRDA:363,18,0,4
BRDA:363,18,1,4
BRDA:364,19,0,4
BRDA:364,19,1,4
BRDA:368,20,0,56
BRDA:368,20,1,54
BRDA:385,21,0,6
BRDA:385,21,1,2
BRDA:407,22,0,24
BRDA:407,22,1,26
BRDA:407,23,0,18
BRDA:407,23,1,6
BRDA:408,24,0,2
BRDA:408,24,1,48
BRDA:408,25,0,50
BRDA:408,25,1,27
BRDA:408,25,2,10
BRDA:411,26,0,1
BRDA:411,26,1,47
BRDA:411,27,0,48
BRDA:411,27,1,6
BRDA:421,28,0,0
BRDA:421,28,1,51
BRDA:427,29,0,20
BRDA:427,29,1,31
BRDA:435,30,0,32
BRDA:435,30,1,18
BRDA:442,31,0,18
BRDA:442,31,1,30
BRDA:446,32,0,23
BRDA:446,32,1,25
BRDA:448,33,0,23
BRDA:448,33,1,25
BRDA:452,34,0,29
BRDA:452,34,1,19
BRDA:456,35,0,16
BRDA:456,35,1,32
BRF:74
BRH:71
end_of_record
TN:
SF:packages/modules/src/injector.ts
FN:23,(anonymous_0)
FN:35,(anonymous_1)
FN:46,(anonymous_2)
FN:56,(anonymous_3)
FN:66,(anonymous_4)
FN:76,(anonymous_5)
FN:86,(anonymous_6)
FN:94,(anonymous_7)
FN:96,(anonymous_8)
FN:107,(anonymous_9)
FN:118,(anonymous_10)
FN:136,(anonymous_11)
FN:151,(anonymous_12)
FNF:13
FNH:13
FNDA:6,(anonymous_0)
FNDA:6,(anonymous_1)
FNDA:17,(anonymous_2)
FNDA:42,(anonymous_3)
FNDA:44,(anonymous_4)
FNDA:1,(anonymous_5)
FNDA:1,(anonymous_6)
FNDA:6,(anonymous_7)
FNDA:1,(anonymous_8)
FNDA:22,(anonymous_9)
FNDA:4,(anonymous_10)
FNDA:22,(anonymous_11)
FNDA:24,(anonymous_12)
DA:1,1
DA:9,1
DA:11,1
DA:12,1
DA:23,1
DA:24,6
DA:25,6
DA:26,6
DA:27,6
DA:36,6
DA:37,6
DA:38,6
DA:39,6
DA:47,17
DA:48,17
DA:57,42
DA:58,42
DA:67,44
DA:68,44
DA:77,1
DA:78,1
DA:79,1
DA:87,1
DA:95,6
DA:96,6
DA:97,1
DA:108,22
DA:109,22
DA:110,1
DA:112,21
DA:113,21
DA:114,21
DA:115,21
DA:116,21
DA:118,21
DA:119,4
DA:124,21
DA:125,21
DA:126,21
DA:127,21
DA:137,22
DA:138,21
DA:139,20
DA:140,20
DA:141,20
DA:145,20
DA:146,15
DA:148,20
DA:149,20
DA:152,24
DA:161,22
LF:51
LH:51
BRDA:35,0,0,6
BRDA:107,1,0,15
BRDA:109,2,0,1
BRDA:109,2,1,21
BRDA:137,3,0,21
BRDA:137,3,1,1
BRDA:145,4,0,15
BRDA:145,4,1,5
BRDA:148,5,0,20
BRDA:148,5,1,0
BRF:10
BRH:9
end_of_record
TN:
SF:packages/modules/src/module.ts
FN:33,Module
FNF:1
FNH:1
FNDA:21,Module
DA:2,1
DA:3,1
DA:33,1
DA:34,21
DA:35,13
DA:37,21
DA:38,6
DA:40,21
LF:8
LH:8
BRDA:34,0,0,13
BRDA:34,0,1,8
BRDA:37,1,0,6
BRDA:37,1,1,15
BRF:4
BRH:4
end_of_record
TN:
SF:packages/resty/src/interfaces.ts
FNF:0
FNH:0
DA:12,3
LF:1
LH:1
BRF:0
BRH:0
end_of_record
TN:
SF:packages/resty/src/decorators/controller.ts
FN:31,Controller
FNF:1
FNH:1
FNDA:22,Controller
DA:1,3
DA:2,3
DA:3,3
DA:31,3
DA:32,22
DA:33,21
DA:35,22
DA:36,22
LF:8
LH:8
BRDA:32,0,0,21
BRDA:32,0,1,1
BRF:2
BRH:2
end_of_record
TN:
SF:packages/resty/src/decorators/index.ts
FN:1,(anonymous_0)
FN:1,(anonymous_1)
FN:1,(anonymous_2)
FN:1,(anonymous_3)
FN:1,(anonymous_4)
FN:1,(anonymous_5)
FN:1,(anonymous_6)
FN:1,(anonymous_7)
FN:1,(anonymous_8)
FN:1,(anonymous_9)
FN:2,(anonymous_10)
FN:3,(anonymous_11)
FN:3,(anonymous_12)
FN:4,(anonymous_13)
FN:5,(anonymous_14)
FN:5,(anonymous_15)
FNF:16
FNH:16
FNDA:85,(anonymous_0)
FNDA:22,(anonymous_1)
FNDA:40,(anonymous_2)
FNDA:40,(anonymous_3)
FNDA:22,(anonymous_4)
FNDA:22,(anonymous_5)
FNDA:22,(anonymous_6)
FNDA:22,(anonymous_7)
FNDA:40,(anonymous_8)
FNDA:327,(anonymous_9)
FNDA:36,(anonymous_10)
FNDA:3,(anonymous_11)
FNDA:21,(anonymous_12)
FNDA:47,(anonymous_13)
FNDA:6,(anonymous_14)
FNDA:5,(anonymous_15)
DA:1,330
DA:2,39
DA:3,24
DA:4,50
DA:5,9
LF:5
LH:5
BRF:0
BRH:0
end_of_record
TN:
SF:packages/resty/src/decorators/lambda.ts
FN:13,LambdaEvent
FN:27,LambdaContext
FNF:2
FNH:2
FNDA:2,LambdaEvent
FNDA:1,LambdaContext
DA:1,3
DA:3,3
DA:13,3
DA:14,2
DA:17,3
DA:27,3
DA:28,1
LF:7
LH:7
BRF:0
BRH:0
end_of_record
TN:
SF:packages/resty/src/decorators/module.ts
FN:66,Module
FN:92,(anonymous_1)
FNF:2
FNH:2
FNDA:3,Module
FNDA:21,(anonymous_1)
DA:1,3
DA:3,3
DA:66,3
DA:67,3
DA:68,2
DA:70,3
DA:92,3
DA:93,21
DA:94,1
DA:96,21
LF:10
LH:10
BRDA:67,0,0,2
BRDA:67,0,1,1
BRDA:93,1,0,1
BRDA:93,1,1,20
BRF:4
BRH:4
end_of_record
TN:
SF:packages/resty/src/decorators/path-param.ts
FN:29,PathParam
FNF:1
FNH:1
FNDA:36,PathParam
DA:1,3
DA:3,3
DA:29,3
DA:30,36
LF:4
LH:4
BRF:0
BRH:0
end_of_record
TN:
SF:packages/resty/src/decorators/rest.ts
FN:5,getPath
FN:16,GET
FN:27,HEAD
FN:39,POST
FN:50,PUT
FN:62,DELETE
FN:73,CONNECT
FN:84,OPTIONS
FN:95,TRACE
FN:106,PATCH
FN:117,OnError
FNF:11
FNH:11
FNDA:295,getPath
FNDA:78,GET
FNDA:18,HEAD
FNDA:36,POST
FNDA:36,PUT
FNDA:18,DELETE
FNDA:18,CONNECT
FNDA:18,OPTIONS
FNDA:18,TRACE
FNDA:36,PATCH
FNDA:19,OnError
DA:1,3
DA:2,3
DA:6,295
DA:16,3
DA:17,78
DA:27,3
DA:28,18
DA:39,3
DA:40,36
DA:50,3
DA:51,36
DA:62,3
DA:63,18
DA:73,3
DA:74,18
DA:84,3
DA:85,18
DA:95,3
DA:96,18
DA:106,3
DA:107,36
DA:117,3
DA:118,19
LF:23
LH:23
BRDA:6,0,0,0
BRDA:6,0,1,295
BRF:2
BRH:1
end_of_record
TN:
SF:packages/resty/src/helpers/index.ts
FN:2,(anonymous_0)
FN:3,(anonymous_1)
FN:7,(anonymous_2)
FN:8,(anonymous_3)
FN:9,(anonymous_4)
FN:10,(anonymous_5)
FN:11,(anonymous_6)
FN:12,(anonymous_7)
FN:13,(anonymous_8)
FN:14,(anonymous_9)
FN:15,(anonymous_10)
FNF:11
FNH:7
FNDA:0,(anonymous_0)
FNDA:0,(anonymous_1)
FNDA:24,(anonymous_2)
FNDA:1,(anonymous_3)
FNDA:304,(anonymous_4)
FNDA:0,(anonymous_5)
FNDA:3,(anonymous_6)
FNDA:4,(anonymous_7)
FNDA:10,(anonymous_8)
FNDA:304,(anonymous_9)
FNDA:0,(anonymous_10)
DA:1,3
DA:2,3
DA:3,3
DA:6,3
DA:7,27
DA:8,4
DA:9,307
DA:10,3
DA:11,6
DA:12,7
DA:13,13
DA:14,307
DA:15,3
LF:13
LH:13
BRF:0
BRH:0
end_of_record
TN:
SF:packages/resty/src/helpers/mocks.ts
FN:10,asBuffer
FN:28,(anonymous_3)
FN:57,(anonymous_4)
FN:69,(anonymous_5)
FN:88,(anonymous_6)
FN:104,(anonymous_7)
FN:116,(anonymous_8)
FN:129,(anonymous_9)
FN:142,(anonymous_10)
FN:154,(anonymous_11)
FN:166,(anonymous_12)
FN:178,(anonymous_13)
FN:190,(anonymous_14)
FN:202,(anonymous_15)
FN:223,(anonymous_16)
FN:234,(anonymous_17)
FN:245,(anonymous_18)
FN:256,(anonymous_19)
FN:267,(anonymous_20)
FN:278,(anonymous_21)
FN:289,(anonymous_22)
FN:300,(anonymous_23)
FN:311,(anonymous_24)
FN:322,(anonymous_25)
FN:334,(anonymous_26)
FN:341,(anonymous_27)
FN:347,(anonymous_28)
FN:348,(anonymous_29)
FN:361,fakeHttpServer
FNF:29
FNH:29
FNDA:21,asBuffer
FNDA:22,(anonymous_3)
FNDA:22,(anonymous_4)
FNDA:22,(anonymous_5)
FNDA:1,(anonymous_6)
FNDA:7,(anonymous_7)
FNDA:1,(anonymous_8)
FNDA:2,(anonymous_9)
FNDA:1,(anonymous_10)
FNDA:1,(anonymous_11)
FNDA:5,(anonymous_12)
FNDA:21,(anonymous_13)
FNDA:9,(anonymous_14)
FNDA:2,(anonymous_15)
FNDA:4,(anonymous_16)
FNDA:11,(anonymous_17)
FNDA:1,(anonymous_18)
FNDA:1,(anonymous_19)
FNDA:1,(anonymous_20)
FNDA:1,(anonymous_21)
FNDA:1,(anonymous_22)
FNDA:2,(anonymous_23)
FNDA:2,(anonymous_24)
FNDA:2,(anonymous_25)
FNDA:22,(anonymous_26)
FNDA:18,(anonymous_27)
FNDA:22,(anonymous_28)
FNDA:22,(anonymous_29)
FNDA:22,fakeHttpServer
DA:1,3
DA:2,3
DA:3,3
DA:4,3
DA:5,3
DA:6,3
DA:11,21
DA:28,3
DA:29,22
DA:30,22
DA:31,22
DA:33,22
DA:34,22
DA:35,22
DA:36,22
DA:39,22
DA:40,22
DA:42,22
DA:43,22
DA:57,3
DA:58,22
DA:59,22
DA:70,22
DA:71,19
DA:72,19
DA:74,3
DA:76,22
DA:77,22
DA:89,1
DA:90,1
DA:91,0
DA:93,1
DA:105,7
DA:117,1
DA:130,2
DA:143,1
DA:155,1
DA:167,5
DA:179,21
DA:191,9
DA:203,2
DA:204,2
DA:218,3
DA:220,3
DA:221,3
DA:224,4
DA:235,11
DA:246,1
DA:257,1
DA:268,1
DA:279,1
DA:290,1
DA:301,2
DA:312,2
DA:323,2
DA:335,22
DA:336,22
DA:337,22
DA:338,22
DA:339,22
DA:340,22
DA:341,22
DA:342,18
DA:343,3
DA:345,18
DA:347,22
DA:348,22
DA:361,3
DA:362,22
DA:363,22
DA:373,22
LF:71
LH:70
BRDA:13,0,0,19
BRDA:13,0,1,2
BRDA:13,1,0,0
BRDA:13,1,1,2
BRDA:70,2,0,19
BRDA:70,2,1,3
BRDA:90,3,0,0
BRDA:90,3,1,1
BRDA:339,4,0,7
BRDA:339,4,1,15
BRDA:339,5,0,22
BRDA:339,5,1,22
BRDA:342,6,0,3
BRDA:342,6,1,15
BRDA:370,7,0,4
BRDA:370,7,1,18
BRF:16
BRH:14
end_of_record
TN:
SF:packages/resty/src/helpers/server.ts
FN:43,getMethodDecorator
FN:44,(anonymous_1)
FN:54,getMethodParams
FN:55,(anonymous_3)
FN:58,(anonymous_4)
FN:58,(anonymous_5)
FN:79,createRoute
FN:99,createRouteDefinition
FN:106,(anonymous_8)
FN:107,(anonymous_9)
FN:140,getRouteDefinitions
FN:142,(anonymous_11)
FN:143,(anonymous_12)
FN:145,(anonymous_13)
FN:147,(anonymous_14)
FN:148,(anonymous_15)
FN:172,getRoutePath
FN:184,getRequest
FN:193,getResponse
FN:202,getRequestBody
FN:203,(anonymous_20)
FN:205,(anonymous_21)
FN:207,(anonymous_22)
FN:217,createRouteHandler
FN:222,(anonymous_24)
FN:223,(anonymous_25)
FN:225,(anonymous_26)
FN:229,(anonymous_27)
FN:233,(anonymous_28)
FN:235,(anonymous_29)
FN:235,(anonymous_30)
FN:242,(anonymous_31)
FN:244,(anonymous_32)
FN:253,(anonymous_33)
FN:280,(anonymous_34)
FN:286,(anonymous_35)
FN:293,(anonymous_36)
FN:342,(anonymous_37)
FN:359,applyServerInjectables
FN:373,(anonymous_39)
FN:377,(anonymous_40)
FN:410,applyHandler
FNF:42
FNH:42
FNDA:10,getMethodDecorator
FNDA:55,(anonymous_1)
FNDA:308,getMethodParams
FNDA:4044,(anonymous_3)
FNDA:13696,(anonymous_4)
FNDA:103,(anonymous_5)
FNDA:3,createRoute
FNDA:3,createRouteDefinition
FNDA:3,(anonymous_8)
FNDA:15,(anonymous_9)
FNDA:24,getRouteDefinitions
FNDA:29,(anonymous_11)
FNDA:22,(anonymous_12)
FNDA:22,(anonymous_13)
FNDA:936,(anonymous_14)
FNDA:304,(anonymous_15)
FNDA:304,getRoutePath
FNDA:54,getRequest
FNDA:58,getResponse
FNDA:3,getRequestBody
FNDA:3,(anonymous_20)
FNDA:3,(anonymous_21)
FNDA:3,(anonymous_22)
FNDA:307,createRouteHandler
FNDA:3,(anonymous_24)
FNDA:13695,(anonymous_25)
FNDA:54,(anonymous_26)
FNDA:27,(anonymous_27)
FNDA:24,(anonymous_28)
FNDA:24,(anonymous_29)
FNDA:8,(anonymous_30)
FNDA:9,(anonymous_31)
FNDA:3,(anonymous_32)
FNDA:9,(anonymous_33)
FNDA:27,(anonymous_34)
FNDA:9,(anonymous_35)
FNDA:27,(anonymous_36)
FNDA:28,(anonymous_37)
FNDA:27,applyServerInjectables
FNDA:42,(anonymous_39)
FNDA:42,(anonymous_40)
FNDA:33,applyHandler
DA:1,3
DA:17,3
DA:18,3
DA:19,3
DA:20,3
DA:21,3
DA:28,3
DA:29,3
DA:30,3
DA:31,3
DA:33,3
DA:34,3
DA:35,3
DA:37,3
DA:43,3
DA:44,55
DA:54,3
DA:55,308
DA:56,4044
DA:58,13696
DA:59,103
DA:60,45
DA:61,44
DA:63,1
DA:67,308
DA:79,3
DA:84,3
DA:99,3
DA:104,3
DA:105,3
DA:106,3
DA:107,3
DA:108,15
DA:110,3
DA:111,0
DA:116,3
DA:140,3
DA:141,24
DA:142,24
DA:143,29
DA:144,22
DA:145,22
DA:146,22
DA:147,936
DA:149,304
DA:164,24
DA:172,3
DA:173,304
DA:184,3
DA:185,54
DA:193,3
DA:194,58
DA:202,3
DA:203,3
DA:204,3
DA:205,3
DA:206,3
DA:207,3
DA:217,3
DA:218,307
DA:219,307
DA:220,307
DA:222,3
DA:223,307
DA:224,13695
DA:225,54
DA:229,307
DA:230,27
DA:231,27
DA:232,27
DA:233,27
DA:235,24
DA:241,27
DA:242,9
DA:243,9
DA:244,3
DA:251,9
DA:253,9
DA:261,27
DA:278,27
DA:280,27
DA:287,9
DA:294,27
DA:295,9
DA:296,9
DA:297,1
DA:298,8
DA:299,1
DA:300,1
DA:301,7
DA:302,1
DA:336,25
DA:343,28
DA:344,24
DA:346,27
DA:360,27
DA:361,27
DA:362,27
DA:363,27
DA:364,24
DA:365,24
DA:368,27
DA:369,2
DA:372,27
DA:373,42
DA:377,42
DA:383,27
DA:384,4
DA:388,4
DA:393,27
DA:418,33
DA:422,33
LF:112
LH:111
BRDA:57,0,0,307
BRDA:57,0,1,1
BRDA:55,1,0,308
BRDA:55,1,1,308
BRDA:57,2,0,1
BRDA:57,2,1,307
BRDA:55,3,0,308
BRDA:55,3,1,308
BRDA:56,4,0,4044
BRDA:56,4,1,615
BRDA:58,5,0,13696
BRDA:58,5,1,2819
BRDA:59,6,0,45
BRDA:59,6,1,58
BRDA:60,7,0,44
BRDA:60,7,1,1
BRDA:106,8,0,0
BRDA:106,8,1,3
BRDA:106,9,0,3
BRDA:106,9,1,3
BRDA:108,10,0,15
BRDA:108,10,1,12
BRDA:108,10,2,3
BRDA:110,11,0,0
BRDA:110,11,1,3
BRDA:117,12,0,3
BRDA:117,12,1,0
BRDA:119,13,0,0
BRDA:119,13,1,0
BRDA:119,14,0,0
BRDA:119,14,1,0
BRDA:145,15,0,0
BRDA:145,15,1,22
BRDA:145,16,0,22
BRDA:145,16,1,22
BRDA:172,17,0,304
BRDA:173,18,0,0
BRDA:173,18,1,304
BRDA:173,19,0,304
BRDA:173,19,1,304
BRDA:174,20,0,0
BRDA:174,20,1,304
BRDA:174,21,0,304
BRDA:174,21,1,304
BRDA:175,22,0,166
BRDA:175,22,1,138
BRDA:175,23,0,304
BRDA:175,23,1,304
BRDA:185,24,0,0
BRDA:185,24,1,54
BRDA:186,25,0,42
BRDA:186,25,1,12
BRDA:194,26,0,4
BRDA:194,26,1,54
BRDA:195,27,0,42
BRDA:195,27,1,12
BRDA:221,28,0,3
BRDA:221,28,1,304
BRDA:221,29,0,307
BRDA:221,29,1,307
BRDA:224,30,0,13695
BRDA:224,30,1,288
BRDA:296,31,0,1
BRDA:296,31,1,8
BRDA:296,32,0,9
BRDA:296,32,1,2
BRDA:298,33,0,1
BRDA:298,33,1,7
BRDA:298,34,0,8
BRDA:298,34,1,1
BRDA:301,35,0,1
BRDA:301,35,1,6
BRDA:301,36,0,7
BRDA:301,36,1,7
BRDA:343,37,0,24
BRDA:343,37,1,4
BRDA:363,38,0,24
BRDA:363,38,1,3
BRDA:372,39,0,21
BRDA:372,39,1,6
BRDA:372,40,0,6
BRDA:372,40,1,21
BRDA:372,41,0,27
BRDA:372,41,1,27
BRDA:383,42,0,4
BRDA:383,42,1,23
BRDA:383,43,0,6
BRDA:383,43,1,21
BRDA:383,44,0,27
BRDA:383,44,1,27
BRF:90
BRH:79
end_of_record
TN:
SF:packages/resty/src/interceptors/index.ts
FN:1,(anonymous_0)
FN:2,(anonymous_1)
FN:2,(anonymous_2)
FNF:3
FNH:1
FNDA:21,(anonymous_0)
FNDA:0,(anonymous_1)
FNDA:0,(anonymous_2)
DA:1,23
DA:2,2
LF:2
LH:2
BRF:0
BRH:0
end_of_record
TN:
SF:packages/resty/src/interceptors/produces.ts
FN:6,(anonymous_1)
FN:22,Produces
FNF:2
FNH:2
FNDA:4,(anonymous_1)
FNDA:21,Produces
DA:1,2
DA:2,2
DA:5,2
DA:7,4
DA:8,4
DA:22,2
DA:23,21
LF:7
LH:7
BRF:0
BRH:0
end_of_record
TN:
SF:packages/resty/src/interceptors/request.ts
FN:10,(anonymous_1)
FN:27,addRequestInterceptor
FNF:2
FNH:2
FNDA:3,(anonymous_1)
FNDA:18,addRequestInterceptor
DA:1,3
DA:3,3
DA:4,3
DA:6,3
DA:9,3
DA:11,3
DA:12,3
DA:27,3
DA:28,18
DA:29,18
LF:10
LH:10
BRF:0
BRH:0
end_of_record
TN:
SF:packages/resty/src/servers/lambda.ts
FN:19,isGatewayProxyAuthEvent
FN:29,isRoutingEvent
FN:39,isGatewayProxyEvent
FN:52,filterHeaders
FN:54,(anonymous_4)
FN:55,(anonymous_5)
FN:61,(anonymous_6)
FN:77,lambdaServer
FN:82,(anonymous_8)
FN:96,(anonymous_9)
FN:96,(anonymous_10)
FN:101,(anonymous_11)
FNF:12
FNH:12
FNDA:2,isGatewayProxyAuthEvent
FNDA:8,isRoutingEvent
FNDA:7,isGatewayProxyEvent
FNDA:4,filterHeaders
FNDA:4,(anonymous_4)
FNDA:2,(anonymous_5)
FNDA:2,(anonymous_6)
FNDA:4,lambdaServer
FNDA:4,(anonymous_8)
FNDA:2,(anonymous_9)
FNDA:3,(anonymous_10)
FNDA:2,(anonymous_11)
DA:1,3
DA:2,3
DA:3,3
DA:4,3
DA:5,3
DA:19,3
DA:20,2
DA:30,8
DA:39,3
DA:40,7
DA:53,4
DA:54,4
DA:56,2
DA:62,2
DA:63,2
DA:77,3
DA:78,4
DA:79,4
DA:80,4
DA:81,4
DA:82,4
DA:83,4
DA:87,4
DA:88,4
DA:89,4
DA:90,3
DA:91,3
DA:92,3
DA:93,3
DA:94,1
DA:96,3
DA:98,2
DA:99,1
DA:101,2
DA:104,1
DA:105,1
DA:106,1
DA:109,4
DA:110,4
DA:111,1
DA:112,1
DA:113,1
DA:115,3
DA:116,3
DA:117,3
DA:118,2
DA:126,1
LF:47
LH:47
BRDA:20,0,0,2
BRDA:20,0,1,2
BRDA:30,1,0,8
BRDA:30,1,1,6
BRDA:40,2,0,7
BRDA:40,2,1,5
BRDA:40,2,2,5
BRDA:40,2,3,5
BRDA:40,2,4,5
BRDA:52,3,0,2
BRDA:54,4,0,2
BRDA:54,4,1,2
BRDA:77,5,0,3
BRDA:78,6,0,0
BRDA:78,6,1,4
BRDA:78,7,0,4
BRDA:78,7,1,4
BRDA:78,8,0,0
BRDA:78,8,1,4
BRDA:78,9,0,4
BRDA:78,9,1,4
BRDA:89,10,0,3
BRDA:89,10,1,1
BRDA:92,11,0,0
BRDA:92,11,1,3
BRDA:92,12,0,3
BRDA:92,12,1,3
BRDA:92,13,0,3
BRDA:92,13,1,0
BRDA:92,14,0,3
BRDA:92,14,1,3
BRDA:93,15,0,1
BRDA:93,15,1,2
BRDA:93,16,0,3
BRDA:93,16,1,1
BRDA:98,17,0,1
BRDA:98,17,1,1
BRDA:98,18,0,2
BRDA:98,18,1,1
BRDA:104,19,0,1
BRDA:104,19,1,0
BRDA:110,20,0,1
BRDA:110,20,1,3
BRDA:117,21,0,2
BRDA:117,21,1,1
BRF:45
BRH:40
end_of_record
TN:
SF:packages/resty/src/servers/server.ts
FN:32,pipeServer
FN:37,(anonymous_1)
FNF:2
FNH:2
FNDA:25,pipeServer
FNDA:4,(anonymous_1)
DA:1,3
DA:2,3
DA:3,3
DA:4,3
DA:5,3
DA:7,3
DA:9,3
DA:10,3
DA:32,3
DA:33,25
DA:34,25
DA:35,1
DA:37,24
DA:38,20
DA:40,24
DA:41,24
DA:42,24
DA:43,24
DA:44,24
DA:45,24
DA:46,24
DA:47,304
DA:48,304
DA:49,304
DA:50,304
DA:55,24
DA:56,24
LF:27
LH:27
BRDA:33,0,0,0
BRDA:33,0,1,25
BRDA:33,1,0,25
BRDA:33,1,1,25
BRDA:34,2,0,1
BRDA:34,2,1,24
BRDA:37,3,0,20
BRDA:37,3,1,4
BRDA:48,4,0,22
BRDA:48,4,1,282
BRDA:52,5,0,22
BRDA:52,5,1,282
BRF:12
BRH:11
end_of_record
TN:
SF:packages/router/src/parser.ts
FN:20,(anonymous_0)
FN:32,(anonymous_1)
FN:63,(anonymous_2)
FN:80,(anonymous_3)
FNF:4
FNH:4
FNDA:40,(anonymous_0)
FNDA:51,(anonymous_1)
FNDA:100039,(anonymous_2)
FNDA:100140,(anonymous_3)
DA:1,3
DA:2,3
DA:4,3
DA:5,3
DA:6,3
DA:14,3
DA:16,40
DA:18,40
DA:21,40
DA:22,40
DA:23,2
DA:30,38
DA:31,17
DA:32,17
DA:33,51
DA:34,51
DA:35,5
DA:36,46
DA:37,18
DA:39,51
DA:46,51
DA:47,51
DA:49,17
DA:50,21
DA:51,3
DA:53,18
DA:55,38
DA:64,100039
DA:65,100039
DA:66,100039
DA:67,39
DA:68,39
DA:69,51
DA:72,100039
DA:81,100140
LF:35
LH:35
BRDA:22,0,0,2
BRDA:22,0,1,38
BRDA:22,1,0,40
BRDA:22,1,1,39
BRDA:30,2,0,17
BRDA:30,2,1,21
BRDA:34,3,0,5
BRDA:34,3,1,46
BRDA:36,4,0,18
BRDA:36,4,1,28
BRDA:36,5,0,46
BRDA:36,5,1,28
BRDA:40,6,0,5
BRDA:40,6,1,46
BRDA:42,7,0,5
BRDA:42,7,1,46
BRDA:50,8,0,3
BRDA:50,8,1,18
BRDA:66,9,0,39
BRDA:66,9,1,100000
BRF:20
BRH:20
end_of_record
TN:
SF:packages/router/src/route-rule.ts
FN:8,ResolvedRoute
FN:15,RouteConfig
FN:44,(anonymous_4)
FN:61,(anonymous_5)
FNF:4
FNH:4
FNDA:1,ResolvedRoute
FNDA:2,RouteConfig
FNDA:20,(anonymous_4)
FNDA:87,(anonymous_5)
DA:1,2
DA:2,2
DA:8,2
DA:9,1
DA:15,2
DA:16,2
DA:30,2
DA:33,2
DA:45,20
DA:62,87
DA:63,22
DA:64,22
DA:73,65
LF:13
LH:13
BRDA:62,0,0,22
BRDA:62,0,1,65
BRDA:62,1,0,87
BRDA:62,1,1,54
BRF:4
BRH:4
end_of_record
TN:
SF:packages/router/src/router-error.ts
FN:9,(anonymous_0)
FN:15,(anonymous_1)
FN:24,(anonymous_2)
FN:28,(anonymous_3)
FN:32,(anonymous_4)
FNF:5
FNH:5
FNDA:9,(anonymous_0)
FNDA:4,(anonymous_1)
FNDA:2,(anonymous_2)
FNDA:1,(anonymous_3)
FNDA:4,(anonymous_4)
DA:4,3
DA:10,9
DA:11,9
DA:12,9
DA:16,4
DA:17,3
DA:19,1
DA:20,1
DA:21,1
DA:25,2
DA:29,1
DA:33,4
LF:12
LH:12
BRDA:16,0,0,3
BRDA:16,0,1,1
BRF:2
BRH:2
end_of_record
TN:
SF:packages/router/src/router.ts
FN:38,(anonymous_2)
FN:56,(anonymous_3)
FN:97,(anonymous_4)
FN:111,(anonymous_5)
FN:112,(anonymous_6)
FN:125,(anonymous_7)
FN:140,(anonymous_8)
FN:162,(anonymous_9)
FN:163,(anonymous_10)
FN:168,(anonymous_11)
FN:183,(anonymous_12)
FN:240,(anonymous_13)
FN:254,(anonymous_14)
FN:268,(anonymous_15)
FN:282,(anonymous_16)
FN:296,(anonymous_17)
FN:310,(anonymous_18)
FN:324,(anonymous_19)
FN:339,(anonymous_20)
FN:354,(anonymous_21)
FN:368,(anonymous_22)
FN:387,(anonymous_23)
FNF:22
FNH:22
FNDA:9,(anonymous_2)
FNDA:31,(anonymous_3)
FNDA:1,(anonymous_4)
FNDA:3,(anonymous_5)
FNDA:3,(anonymous_6)
FNDA:15,(anonymous_7)
FNDA:21,(anonymous_8)
FNDA:4,(anonymous_9)
FNDA:13,(anonymous_10)
FNDA:13,(anonymous_11)
FNDA:16,(anonymous_12)
FNDA:4,(anonymous_13)
FNDA:1,(anonymous_14)
FNDA:1,(anonymous_15)
FNDA:1,(anonymous_16)
FNDA:1,(anonymous_17)
FNDA:1,(anonymous_18)
FNDA:1,(anonymous_19)
FNDA:1,(anonymous_20)
FNDA:1,(anonymous_21)
FNDA:2,(anonymous_22)
FNDA:18,(anonymous_23)
DA:1,2
DA:2,2
DA:4,2
DA:5,2
DA:9,2
DA:13,2
DA:14,2
DA:26,2
DA:38,2
DA:40,2
DA:44,2
DA:48,9
DA:57,31
DA:58,31
DA:59,31
DA:60,2
DA:61,29
DA:62,1
DA:64,31
DA:65,31
DA:66,31
DA:67,31
DA:68,31
DA:69,31
DA:70,31
DA:71,31
DA:72,31
DA:73,31
DA:74,31
DA:75,31
DA:76,31
DA:89,0
DA:98,1
DA:112,3
DA:126,15
DA:141,21
DA:142,21
DA:143,81
DA:144,81
DA:145,17
DA:148,4
DA:163,4
DA:167,13
DA:168,13
DA:169,13
DA:170,13
DA:171,13
DA:173,4
DA:189,16
DA:190,16
DA:191,13
DA:192,13
DA:194,13
DA:195,12
DA:196,11
DA:197,3
DA:199,8
DA:201,1
DA:202,1
DA:204,12
DA:206,4
DA:207,4
DA:209,4
DA:210,3
DA:211,3
DA:213,3
DA:215,1
DA:227,1
DA:228,1
DA:230,1
DA:241,4
DA:246,4
DA:255,1
DA:260,1
DA:269,1
DA:274,1
DA:283,1
DA:288,1
DA:297,1
DA:302,1
DA:311,1
DA:316,1
DA:325,1
DA:330,1
DA:340,1
DA:345,1
DA:355,1
DA:360,1
DA:369,2
DA:374,2
DA:388,18
DA:393,18
LF:92
LH:91
BRDA:56,0,0,31
BRDA:57,1,0,3
BRDA:57,1,1,28
BRDA:57,2,0,31
BRDA:57,2,1,31
BRDA:59,3,0,2
BRDA:59,3,1,29
BRDA:61,4,0,1
BRDA:61,4,1,28
BRDA:66,5,0,31
BRDA:66,5,1,0
BRDA:144,6,0,17
BRDA:144,6,1,64
BRDA:190,7,0,3
BRDA:190,7,1,13
BRDA:191,8,0,13
BRDA:191,8,1,0
BRDA:195,9,0,11
BRDA:195,9,1,1
BRDA:195,10,0,12
BRDA:195,10,1,12
BRDA:196,11,0,3
BRDA:196,11,1,8
BRDA:197,12,0,2
BRDA:197,12,1,1
BRDA:201,13,0,1
BRDA:201,13,1,0
BRDA:206,14,0,4
BRDA:206,14,1,0
BRDA:209,15,0,3
BRDA:209,15,1,1
BRDA:210,16,0,3
BRDA:210,16,1,0
BRDA:227,17,0,1
BRDA:227,17,1,0
BRDA:391,18,0,17
BRDA:391,18,1,1
BRF:37
BRH:31
end_of_record
TN:
SF:packages/utils/src/utils.ts
FN:7,_isNumber
FN:18,uuid
FN:20,(anonymous_2)
FN:35,isNull
FN:47,isBoolean
FN:59,isUndefined
FN:71,isDefined
FN:83,isSymbol
FN:95,isString
FN:107,isNumber
FN:119,isArray
FN:129,inArray
FN:142,isFunction
FN:154,isDate
FN:166,isRegExp
FN:178,isObject
FN:190,isFalsy
FN:202,isTruthy
FN:216,isClass
FN:228,isEqual
FN:240,(anonymous_20)
FN:247,(anonymous_21)
FNF:22
FNH:22
FNDA:135,_isNumber
FNDA:1,uuid
FNDA:31,(anonymous_2)
FNDA:253,isNull
FNDA:10,isBoolean
FNDA:70,isUndefined
FNDA:33,isDefined
FNDA:141,isSymbol
FNDA:10,isString
FNDA:10,isNumber
FNDA:82,isArray
FNDA:5,inArray
FNDA:27,isFunction
FNDA:53,isDate
FNDA:55,isRegExp
FNDA:180,isObject
FNDA:30,isFalsy
FNDA:14,isTruthy
FNDA:16,isClass
FNDA:66,isEqual
FNDA:23,(anonymous_20)
FNDA:21,(anonymous_21)
DA:8,135
DA:16,1
DA:18,1
DA:19,1
DA:20,1
DA:21,31
DA:22,31
DA:23,31
DA:35,1
DA:36,253
DA:47,1
DA:48,10
DA:59,1
DA:60,70
DA:71,1
DA:72,33
DA:83,1
DA:84,141
DA:95,1
DA:96,10
DA:107,1
DA:108,10
DA:119,1
DA:120,82
DA:129,1
DA:130,5
DA:142,1
DA:143,27
DA:154,1
DA:155,53
DA:166,1
DA:167,55
DA:178,1
DA:179,180
DA:190,1
DA:191,30
DA:202,1
DA:203,14
DA:214,1
DA:216,1
DA:217,16
DA:228,1
DA:229,66
DA:230,2
DA:231,64
DA:232,24
DA:233,40
DA:234,1
DA:235,39
DA:236,2
DA:237,37
DA:238,10
DA:239,27
DA:240,12
DA:241,23
DA:242,21
DA:244,2
DA:246,15
DA:247,21
DA:249,2
LF:60
LH:60
BRDA:23,0,0,30
BRDA:23,0,1,1
BRDA:72,1,0,33
BRDA:72,1,1,32
BRDA:84,2,0,141
BRDA:84,2,1,138
BRDA:84,2,2,78
BRDA:108,3,0,10
BRDA:108,3,1,2
BRDA:130,4,0,5
BRDA:130,4,1,5
BRDA:179,5,0,180
BRDA:179,5,1,178
BRDA:191,6,0,30
BRDA:191,6,1,28
BRDA:191,6,2,26
BRDA:191,6,3,23
BRDA:191,6,4,21
BRDA:191,6,5,21
BRDA:191,6,6,5
BRDA:217,7,0,16
BRDA:217,7,1,2
BRDA:229,8,0,2
BRDA:229,8,1,64
BRDA:229,9,0,66
BRDA:229,9,1,64
BRDA:231,10,0,24
BRDA:231,10,1,40
BRDA:231,11,0,64
BRDA:231,11,1,40
BRDA:232,12,0,1
BRDA:232,12,1,23
BRDA:232,13,0,24
BRDA:232,13,1,24
BRDA:233,14,0,1
BRDA:233,14,1,39
BRDA:233,15,0,40
BRDA:233,15,1,1
BRDA:235,16,0,2
BRDA:235,16,1,37
BRDA:235,17,0,39
BRDA:235,17,1,2
BRDA:237,18,0,10
BRDA:237,18,1,27
BRDA:239,19,0,12
BRDA:239,19,1,15
BRDA:239,20,0,27
BRDA:239,20,1,13
BRDA:241,21,0,21
BRDA:241,21,1,2
BRDA:242,22,0,21
BRDA:242,22,1,1
BRDA:242,22,2,20
BRDA:246,23,0,13
BRDA:246,23,1,2
BRDA:246,24,0,15
BRDA:246,24,1,14
BRDA:246,24,2,13
BRDA:246,24,3,13
BRDA:247,25,0,21
BRDA:247,25,1,2
BRDA:247,25,2,20
BRF:62
BRH:62
end_of_record
